[ 87%] Built target frontier
[ 93%] Built target solver
[ 96%] Built target ifluid
Linking CXX executable climate
CMakeFiles/climate.dir/vcartsn.cpp.o: In function `VCARTESIAN::recordField(double*, char const*)':
/gscr2/tzhang/DNS/climate/vcartsn.cpp:(.text+0xdd6e): undefined reference to `PetscViewerHDF5Open'
CMakeFiles/climate.dir/vcartsn.cpp.o: In function `VCARTESIAN::output()':
/gscr2/tzhang/DNS/climate/vcartsn.cpp:(.text+0x109e3): undefined reference to `PetscViewerHDF5Open'
CMakeFiles/climate.dir/vcartsn.cpp.o: In function `VCARTESIAN::write_hdf5_field(double*, char const*, char const*)':
/gscr2/tzhang/DNS/climate/vcartsn.cpp:(.text+0x11ae1): undefined reference to `PetscViewerHDF5Open'
CMakeFiles/climate.dir/vcartsn.cpp.o: In function `VCARTESIAN::recordRadiusInCell()':
/gscr2/tzhang/DNS/climate/vcartsn.cpp:(.text+0x15a7c): undefined reference to `PetscViewerHDF5Open'
../src/libfrontier.a(fprint.c.o): In function `hdf_plot_var3d':
/gscr2/tzhang/DNS/src/front/fprint.c:(.text+0x31a8): undefined reference to `DFR8setpalette'
/gscr2/tzhang/DNS/src/front/fprint.c:(.text+0x31cf): undefined reference to `DFR8putimage'
/gscr2/tzhang/DNS/src/front/fprint.c:(.text+0x31ee): undefined reference to `DFR8addimage'
../src/libfrontier.a(fprint.c.o): In function `hdf_plot_var2d':
/gscr2/tzhang/DNS/src/front/fprint.c:(.text+0x4050): undefined reference to `DFR8setpalette'
/gscr2/tzhang/DNS/src/front/fprint.c:(.text+0x4072): undefined reference to `DFR8putimage'
/gscr2/tzhang/DNS/src/front/fprint.c:(.text+0x408f): undefined reference to `DFR8addimage'
../src/libfrontier.a(fprint.c.o): In function `hdf_plot_comp2d':
/gscr2/tzhang/DNS/src/front/fprint.c:(.text+0x4a58): undefined reference to `DFR8setpalette'
/gscr2/tzhang/DNS/src/front/fprint.c:(.text+0x4a7b): undefined reference to `DFR8putimage'
/gscr2/tzhang/DNS/src/front/fprint.c:(.text+0x4a96): undefined reference to `DFR8addimage'
../src/libfrontier.a(fprint.c.o): In function `show_front_output':
/gscr2/tzhang/DNS/src/front/fprint.c:(.text+0x7593): undefined reference to `DFR8setpalette'
/gscr2/tzhang/DNS/src/front/fprint.c:(.text+0x75bb): undefined reference to `DFR8putimage'
/gscr2/tzhang/DNS/src/front/fprint.c:(.text+0x75db): undefined reference to `DFR8addimage'
../src/libfrontier.a(fprint.c.o): In function `plot_hdf_data':
/gscr2/tzhang/DNS/src/front/fprint.c:(.text+0x8173): undefined reference to `DFR8setpalette'
/gscr2/tzhang/DNS/src/front/fprint.c:(.text+0x81a3): undefined reference to `DFR8putimage'
/gscr2/tzhang/DNS/src/front/fprint.c:(.text+0x81bf): undefined reference to `DFR8addimage'
/software/hdf4/hdf4/lib/libmfhdf.a(mfsd.o): In function `SDIget_dim':
mfsd.c:(.text+0x45): undefined reference to `HEpush'
/software/hdf4/hdf4/lib/libmfhdf.a(mfsd.o): In function `SDIget_var':
mfsd.c:(.text+0x95): undefined reference to `HEpush'
/software/hdf4/hdf4/lib/libmfhdf.a(mfsd.o): In function `SDget_numopenfiles':
mfsd.c:(.text+0xa6): undefined reference to `error_top'
mfsd.c:(.text+0xaf): undefined reference to `HEPclear'
/software/hdf4/hdf4/lib/libmfhdf.a(mfsd.o): In function `SDget_maxopenfiles':
mfsd.c:(.text+0xce): undefined reference to `error_top'
mfsd.c:(.text+0x111): undefined reference to `HEPclear'
mfsd.c:(.text+0x130): undefined reference to `HEpush'
/software/hdf4/hdf4/lib/libmfhdf.a(mfsd.o): In function `SDreset_maxopenfiles':
mfsd.c:(.text+0x156): undefined reference to `error_top'
mfsd.c:(.text+0x175): undefined reference to `HEPclear'
mfsd.c:(.text+0x198): undefined reference to `HEpush'
/software/hdf4/hdf4/lib/libmfhdf.a(mfsd.o): In function `SDIfreevarAID':
mfsd.c:(.text+0x1ee): undefined reference to `Hendaccess'
mfsd.c:(.text+0x21f): undefined reference to `HEpush'
mfsd.c:(.text+0x245): undefined reference to `HEpush'
/software/hdf4/hdf4/lib/libmfhdf.a(mfsd.o): In function `SDIgetcoordvar':
mfsd.c:(.text+0x363): undefined reference to `DFKNTsize'
mfsd.c:(.text+0x3a7): undefined reference to `HEpush'
mfsd.c:(.text+0x427): undefined reference to `Hnewref'
mfsd.c:(.text+0x4ba): undefined reference to `HEpush'
mfsd.c:(.text+0x4dd): undefined reference to `HEpush'
mfsd.c:(.text+0x509): undefined reference to `HEpush'
mfsd.c:(.text+0x52a): undefined reference to `HEpush'
/software/hdf4/hdf4/lib/libmfhdf.a(mfsd.o): In function `SDIputattr':
mfsd.c:(.text+0x6a3): undefined reference to `HEpush'
/software/hdf4/hdf4/lib/libmfhdf.a(mfsd.o):mfsd.c:(.text+0x6cd): more undefined references to `HEpush' follow
/software/hdf4/hdf4/lib/libmfhdf.a(mfsd.o): In function `SDstart':
mfsd.c:(.text+0x7b1): undefined reference to `error_top'
mfsd.c:(.text+0x880): undefined reference to `HPregister_term_func'
mfsd.c:(.text+0x8a1): undefined reference to `HEpush'
mfsd.c:(.text+0x8ba): undefined reference to `HEpush'
mfsd.c:(.text+0x8d1): undefined reference to `HEPclear'
mfsd.c:(.text+0x8f5): undefined reference to `HEpush'
mfsd.c:(.text+0x90e): undefined reference to `HEvalue'
mfsd.c:(.text+0x925): undefined reference to `HEpush'
mfsd.c:(.text+0x945): undefined reference to `HEpush'
/software/hdf4/hdf4/lib/libmfhdf.a(mfsd.o): In function `SDsetup_szip_parms':
mfsd.c:(.text+0x977): undefined reference to `error_top'
mfsd.c:(.text+0xa39): undefined reference to `HEpush'
mfsd.c:(.text+0xa61): undefined reference to `HCPsetup_szip_parms'
mfsd.c:(.text+0xa7c): undefined reference to `HEPclear'
mfsd.c:(.text+0xa9e): undefined reference to `HEpush'
mfsd.c:(.text+0xab7): undefined reference to `HEpush'
/software/hdf4/hdf4/lib/libmfhdf.a(mfsd.o): In function `SDgetfilename':
mfsd.c:(.text+0xae9): undefined reference to `error_top'
mfsd.c:(.text+0xb8d): undefined reference to `HEPclear'
mfsd.c:(.text+0xbbb): undefined reference to `HEpush'
mfsd.c:(.text+0xbd4): undefined reference to `HEpush'
/software/hdf4/hdf4/lib/libmfhdf.a(mfsd.o): In function `SDcheckempty':
mfsd.c:(.text+0xbed): undefined reference to `error_top'
mfsd.c:(.text+0xc80): undefined reference to `HDcheck_empty'
mfsd.c:(.text+0xcc1): undefined reference to `HEPclear'
mfsd.c:(.text+0xceb): undefined reference to `HEpush'
mfsd.c:(.text+0xd04): undefined reference to `HEpush'
mfsd.c:(.text+0xd2d): undefined reference to `HEpush'
mfsd.c:(.text+0xd51): undefined reference to `HEpush'
/software/hdf4/hdf4/lib/libmfhdf.a(mfsd.o): In function `SDnametoindex':
mfsd.c:(.text+0xe3d): undefined reference to `HEpush'
/software/hdf4/hdf4/lib/libmfhdf.a(mfsd.o):mfsd.c:(.text+0xe56): more undefined references to `HEpush' follow
/software/hdf4/hdf4/lib/libmfhdf.a(mfsd.o): In function `SDgetinfo':
mfsd.c:(.text+0xe8f): undefined reference to `error_top'
mfsd.c:(.text+0xfd9): undefined reference to `HEPclear'
mfsd.c:(.text+0x1003): undefined reference to `HEpush'
mfsd.c:(.text+0x101c): undefined reference to `HEpush'
mfsd.c:(.text+0x1075): undefined reference to `HEpush'
/software/hdf4/hdf4/lib/libmfhdf.a(mfsd.o): In function `SDselect':
mfsd.c:(.text+0x109d): undefined reference to `error_top'
mfsd.c:(.text+0x10e9): undefined reference to `HEPclear'
mfsd.c:(.text+0x110f): undefined reference to `HEpush'
mfsd.c:(.text+0x1130): undefined reference to `HEpush'
/software/hdf4/hdf4/lib/libmfhdf.a(mfsd.o): In function `SDfileinfo':
mfsd.c:(.text+0x115f): undefined reference to `error_top'
mfsd.c:(.text+0x11bd): undefined reference to `HEPclear'
mfsd.c:(.text+0x11e7): undefined reference to `HEpush'
mfsd.c:(.text+0x1200): undefined reference to `HEpush'
/software/hdf4/hdf4/lib/libmfhdf.a(mfsd.o): In function `SDend':
mfsd.c:(.text+0x121a): undefined reference to `error_top'
mfsd.c:(.text+0x1281): undefined reference to `HEPclear'
mfsd.c:(.text+0x12a7): undefined reference to `HEpush'
mfsd.c:(.text+0x12c9): undefined reference to `HEpush'
mfsd.c:(.text+0x133f): undefined reference to `HEpush'
/software/hdf4/hdf4/lib/libmfhdf.a(mfsd.o): In function `SDsetfillvalue':
mfsd.c:(.text+0x136f): undefined reference to `error_top'
mfsd.c:(.text+0x1411): undefined reference to `HEPclear'
mfsd.c:(.text+0x143b): undefined reference to `HEpush'
mfsd.c:(.text+0x1458): undefined reference to `HEpush'
mfsd.c:(.text+0x147d): undefined reference to `HEpush'
mfsd.c:(.text+0x14a8): undefined reference to `HEpush'
/software/hdf4/hdf4/lib/libmfhdf.a(mfsd.o): In function `SDsetcal':
mfsd.c:(.text+0x14ca): undefined reference to `error_top'
mfsd.c:(.text+0x1621): undefined reference to `HEPclear'
mfsd.c:(.text+0x164b): undefined reference to `HEpush'
mfsd.c:(.text+0x1668): undefined reference to `HEpush'
mfsd.c:(.text+0x168d): undefined reference to `HEpush'
mfsd.c:(.text+0x16b8): undefined reference to `HEpush'
mfsd.c:(.text+0x1706): undefined reference to `HEpush'
/software/hdf4/hdf4/lib/libmfhdf.a(mfsd.o): In function `SDsetdatastrs':
mfsd.c:(.text+0x174a): undefined reference to `error_top'
mfsd.c:(.text+0x1849): undefined reference to `HEPclear'
mfsd.c:(.text+0x1874): undefined reference to `HEpush'
mfsd.c:(.text+0x188d): undefined reference to `HEpush'
mfsd.c:(.text+0x18e2): undefined reference to `HEpush'
mfsd.c:(.text+0x19a5): undefined reference to `HEpush'
/software/hdf4/hdf4/lib/libmfhdf.a(mfsd.o): In function `SDsetrange':
mfsd.c:(.text+0x19ec): undefined reference to `error_top'
mfsd.c:(.text+0x1a71): undefined reference to `DFKNTsize'
mfsd.c:(.text+0x1b01): undefined reference to `HEPclear'
mfsd.c:(.text+0x1b2b): undefined reference to `HEpush'
mfsd.c:(.text+0x1b48): undefined reference to `HEpush'
mfsd.c:(.text+0x1b75): undefined reference to `HEpush'
mfsd.c:(.text+0x1ba9): undefined reference to `HEpush'
mfsd.c:(.text+0x1bcf): undefined reference to `HEpush'
/software/hdf4/hdf4/lib/libmfhdf.a(mfsd.o): In function `SDendaccess':
mfsd.c:(.text+0x1be9): undefined reference to `error_top'
mfsd.c:(.text+0x1c43): undefined reference to `Hendaccess'
mfsd.c:(.text+0x1c61): undefined reference to `HEPclear'
mfsd.c:(.text+0x1c87): undefined reference to `HEpush'
mfsd.c:(.text+0x1ca0): undefined reference to `HEpush'
mfsd.c:(.text+0x1cc4): undefined reference to `HEpush'
mfsd.c:(.text+0x1ce5): undefined reference to `HEpush'
/software/hdf4/hdf4/lib/libmfhdf.a(mfsd.o): In function `SDsetdimname':
mfsd.c:(.text+0x1d17): undefined reference to `error_top'
mfsd.c:(.text+0x1e71): undefined reference to `HEPclear'
mfsd.c:(.text+0x1e9d): undefined reference to `HEpush'
mfsd.c:(.text+0x1eb6): undefined reference to `HEpush'
mfsd.c:(.text+0x1ed4): undefined reference to `HEpush'
mfsd.c:(.text+0x1ef4): undefined reference to `HEpush'
/software/hdf4/hdf4/lib/libmfhdf.a(mfsd.o): In function `SDcreate':
mfsd.c:(.text+0x1f25): undefined reference to `error_top'
mfsd.c:(.text+0x213a): undefined reference to `DFKNTsize'
mfsd.c:(.text+0x215d): undefined reference to `Hnewref'
mfsd.c:(.text+0x2225): undefined reference to `HEpush'
mfsd.c:(.text+0x2231): undefined reference to `HEPclear'
mfsd.c:(.text+0x225d): undefined reference to `HEpush'
mfsd.c:(.text+0x2276): undefined reference to `HEpush'
mfsd.c:(.text+0x2317): undefined reference to `HEpush'
mfsd.c:(.text+0x233b): undefined reference to `HEpush'
mfsd.c:(.text+0x236a): undefined reference to `HEpush'
/software/hdf4/hdf4/lib/libmfhdf.a(mfsd.o): In function `SDgetrange':
mfsd.c:(.text+0x23b5): undefined reference to `error_top'
mfsd.c:(.text+0x24d1): undefined reference to `HEPclear'
mfsd.c:(.text+0x24fb): undefined reference to `HEpush'
mfsd.c:(.text+0x2514): undefined reference to `HEpush'
mfsd.c:(.text+0x2535): undefined reference to `HEpush'
mfsd.c:(.text+0x255d): undefined reference to `HEpush'
/software/hdf4/hdf4/lib/libmfhdf.a(mfsd.o): In function `SDnametoindices':
mfsd.c:(.text+0x25c7): undefined reference to `error_top'
mfsd.c:(.text+0x26bd): undefined reference to `HEPclear'
mfsd.c:(.text+0x26eb): undefined reference to `HEpush'
mfsd.c:(.text+0x2704): undefined reference to `HEpush'
/software/hdf4/hdf4/lib/libmfhdf.a(mfsd.o): In function `SDgetnumvars_byname':
mfsd.c:(.text+0x2734): undefined reference to `error_top'
mfsd.c:(.text+0x27f4): undefined reference to `HEPclear'
mfsd.c:(.text+0x2821): undefined reference to `HEpush'
mfsd.c:(.text+0x283a): undefined reference to `HEpush'
/software/hdf4/hdf4/lib/libmfhdf.a(mfsd.o): In function `SDgetchunkinfo':
mfsd.c:(.text+0x2869): undefined reference to `error_top'
mfsd.c:(.text+0x2927): undefined reference to `Hinquire'
mfsd.c:(.text+0x2981): undefined reference to `HEPclear'
mfsd.c:(.text+0x29ac): undefined reference to `HEpush'
mfsd.c:(.text+0x29c5): undefined reference to `HEpush'
mfsd.c:(.text+0x29f0): undefined reference to `Hstartread'
mfsd.c:(.text+0x2a1b): undefined reference to `HEpush'
mfsd.c:(.text+0x2a3b): undefined reference to `HDget_special_info'
mfsd.c:(.text+0x2b16): undefined reference to `HCPgetcompinfo'
mfsd.c:(.text+0x2b8d): undefined reference to `HEpush'
mfsd.c:(.text+0x2cee): undefined reference to `HCPgetcompinfo'
/software/hdf4/hdf4/lib/libmfhdf.a(mfsd.o): In function `SDsetchunk':
mfsd.c:(.text+0x2eaa): undefined reference to `error_top'
mfsd.c:(.text+0x2f6a): undefined reference to `HEpush'
mfsd.c:(.text+0x301c): undefined reference to `Hnewref'
mfsd.c:(.text+0x315a): undefined reference to `DFKgetPNSC'
mfsd.c:(.text+0x316d): undefined reference to `DFKisnativeNT'
mfsd.c:(.text+0x3182): undefined reference to `DFKgetPNSC'
mfsd.c:(.text+0x31c9): undefined reference to `HMCcreate'
mfsd.c:(.text+0x31e2): undefined reference to `Hendaccess'
mfsd.c:(.text+0x3221): undefined reference to `HEPclear'
mfsd.c:(.text+0x3242): undefined reference to `HEpush'
mfsd.c:(.text+0x325b): undefined reference to `HEpush'
mfsd.c:(.text+0x32b8): undefined reference to `HCget_config_info'
mfsd.c:(.text+0x3335): undefined reference to `HEpush'
mfsd.c:(.text+0x336f): undefined reference to `HEpush'
mfsd.c:(.text+0x3395): undefined reference to `HEpush'
mfsd.c:(.text+0x33b5): undefined reference to `HEpush'
mfsd.c:(.text+0x33ce): undefined reference to `HEpush'
mfsd.c:(.text+0x33e4): undefined reference to `DFKislitendNT'
mfsd.c:(.text+0x343f): undefined reference to `DFKconvert'
mfsd.c:(.text+0x346b): undefined reference to `HMCcreate'
mfsd.c:(.text+0x3568): undefined reference to `HEpush'
mfsd.c:(.text+0x3586): undefined reference to `HEpush'
mfsd.c:(.text+0x35a4): undefined reference to `HEpush'
mfsd.c:(.text+0x35c2): undefined reference to `HEpush'
mfsd.c:(.text+0x35e0): undefined reference to `HEpush'
/software/hdf4/hdf4/lib/libmfhdf.a(mfsd.o):mfsd.c:(.text+0x3605): more undefined references to `HEpush' follow
/software/hdf4/hdf4/lib/libmfhdf.a(mfsd.o): In function `SDisdimval_bwcomp':
mfsd.c:(.text+0x36e2): undefined reference to `error_top'
mfsd.c:(.text+0x3739): undefined reference to `HEPclear'
mfsd.c:(.text+0x375f): undefined reference to `HEpush'
mfsd.c:(.text+0x3778): undefined reference to `HEpush'
mfsd.c:(.text+0x379d): undefined reference to `HEpush'
/software/hdf4/hdf4/lib/libmfhdf.a(mfsd.o): In function `SDsetdimval_comp':
mfsd.c:(.text+0x37bc): undefined reference to `error_top'
mfsd.c:(.text+0x3831): undefined reference to `HEPclear'
mfsd.c:(.text+0x3857): undefined reference to `HEpush'
mfsd.c:(.text+0x3870): undefined reference to `HEpush'
mfsd.c:(.text+0x3895): undefined reference to `HEpush'
/software/hdf4/hdf4/lib/libmfhdf.a(mfsd.o): In function `SDsetfillmode':
mfsd.c:(.text+0x38b0): undefined reference to `error_top'
mfsd.c:(.text+0x38f1): undefined reference to `HEPclear'
mfsd.c:(.text+0x3917): undefined reference to `HEpush'
mfsd.c:(.text+0x3930): undefined reference to `HEpush'
/software/hdf4/hdf4/lib/libmfhdf.a(mfsd.o): In function `SDgetblocksize':
mfsd.c:(.text+0x396d): undefined reference to `error_top'
mfsd.c:(.text+0x39ec): undefined reference to `HLgetblockinfo'
mfsd.c:(.text+0x3a4b): undefined reference to `Hstartread'
mfsd.c:(.text+0x3a6b): undefined reference to `HEpush'
mfsd.c:(.text+0x3a79): undefined reference to `HEPclear'
mfsd.c:(.text+0x3aa3): undefined reference to `HEpush'
mfsd.c:(.text+0x3abc): undefined reference to `HEpush'
mfsd.c:(.text+0x3ad3): undefined reference to `Hendaccess'
mfsd.c:(.text+0x3af5): undefined reference to `HEpush'
mfsd.c:(.text+0x3b15): undefined reference to `HEpush'
mfsd.c:(.text+0x3b35): undefined reference to `HEpush'
mfsd.c:(.text+0x3b42): undefined reference to `Hendaccess'
/software/hdf4/hdf4/lib/libmfhdf.a(mfsd.o): In function `SDsetblocksize':
mfsd.c:(.text+0x3b5c): undefined reference to `error_top'
mfsd.c:(.text+0x3bb9): undefined reference to `HEPclear'
mfsd.c:(.text+0x3bdf): undefined reference to `HEpush'
mfsd.c:(.text+0x3bf8): undefined reference to `HEpush'
mfsd.c:(.text+0x3c1d): undefined reference to `HEpush'
/software/hdf4/hdf4/lib/libmfhdf.a(mfsd.o): In function `SDiscoordvar':
mfsd.c:(.text+0x3c33): undefined reference to `error_top'
mfsd.c:(.text+0x3d19): undefined reference to `HEPclear'
mfsd.c:(.text+0x3d43): undefined reference to `HEpush'
mfsd.c:(.text+0x3d5c): undefined reference to `HEpush'
mfsd.c:(.text+0x3d85): undefined reference to `HEpush'
mfsd.c:(.text+0x3db5): undefined reference to `HEpush'
mfsd.c:(.text+0x3dd5): undefined reference to `HEpush'
/software/hdf4/hdf4/lib/libmfhdf.a(mfsd.o): In function `SDisrecord':
mfsd.c:(.text+0x3df3): undefined reference to `error_top'
mfsd.c:(.text+0x3e69): undefined reference to `HEPclear'
mfsd.c:(.text+0x3e8f): undefined reference to `HEpush'
mfsd.c:(.text+0x3ea8): undefined reference to `HEpush'
mfsd.c:(.text+0x3ec5): undefined reference to `HEpush'
mfsd.c:(.text+0x3ee5): undefined reference to `HEpush'
/software/hdf4/hdf4/lib/libmfhdf.a(mfsd.o): In function `SDreftoindex':
mfsd.c:(.text+0x3efb): undefined reference to `error_top'
mfsd.c:(.text+0x3fa5): undefined reference to `HEpush'
mfsd.c:(.text+0x3fbd): undefined reference to `HEPclear'
mfsd.c:(.text+0x3feb): undefined reference to `HEpush'
mfsd.c:(.text+0x4004): undefined reference to `HEpush'
/software/hdf4/hdf4/lib/libmfhdf.a(mfsd.o): In function `SDidtoref':
mfsd.c:(.text+0x4023): undefined reference to `error_top'
mfsd.c:(.text+0x4089): undefined reference to `HEPclear'
mfsd.c:(.text+0x40af): undefined reference to `HEpush'
mfsd.c:(.text+0x40c8): undefined reference to `HEpush'
mfsd.c:(.text+0x40ed): undefined reference to `HEpush'
/software/hdf4/hdf4/lib/libmfhdf.a(mfsd.o): In function `SDgetcomptype':
mfsd.c:(.text+0x410d): undefined reference to `error_top'
mfsd.c:(.text+0x41b1): undefined reference to `HCPgetcomptype'
mfsd.c:(.text+0x41d1): undefined reference to `HEPclear'
mfsd.c:(.text+0x41f5): undefined reference to `HEpush'
mfsd.c:(.text+0x420e): undefined reference to `HEpush'
mfsd.c:(.text+0x4235): undefined reference to `HEpush'
mfsd.c:(.text+0x4267): undefined reference to `HEpush'
/software/hdf4/hdf4/lib/libmfhdf.a(mfsd.o): In function `SDgetexternalfile':
mfsd.c:(.text+0x42ac): undefined reference to `error_top'
mfsd.c:(.text+0x436e): undefined reference to `Hstartread'
mfsd.c:(.text+0x437c): undefined reference to `HDget_special_info'
mfsd.c:(.text+0x4398): undefined reference to `Hendaccess'
mfsd.c:(.text+0x43bc): undefined reference to `HEpush'
mfsd.c:(.text+0x43d1): undefined reference to `HEPclear'
mfsd.c:(.text+0x43fb): undefined reference to `HEpush'
mfsd.c:(.text+0x4414): undefined reference to `HEpush'
mfsd.c:(.text+0x44a5): undefined reference to `HEpush'
/software/hdf4/hdf4/lib/libmfhdf.a(mfsd.o): In function `SDgetexternalinfo':
mfsd.c:(.text+0x44fc): undefined reference to `error_top'
mfsd.c:(.text+0x459f): undefined reference to `Hstartread'
mfsd.c:(.text+0x45b4): undefined reference to `HDget_special_info'
mfsd.c:(.text+0x45d2): undefined reference to `Hendaccess'
mfsd.c:(.text+0x4619): undefined reference to `HEPclear'
mfsd.c:(.text+0x4643): undefined reference to `HEpush'
mfsd.c:(.text+0x465c): undefined reference to `HEpush'
mfsd.c:(.text+0x4690): undefined reference to `HEpush'
mfsd.c:(.text+0x46a1): undefined reference to `Hendaccess'
mfsd.c:(.text+0x4725): undefined reference to `HEpush'
mfsd.c:(.text+0x4770): undefined reference to `HEpush'
mfsd.c:(.text+0x4798): undefined reference to `HEpush'
mfsd.c:(.text+0x47b6): undefined reference to `HEpush'
/software/hdf4/hdf4/lib/libmfhdf.a(mfsd.o): In function `SDdiminfo':
mfsd.c:(.text+0x47d8): undefined reference to `error_top'
mfsd.c:(.text+0x4981): undefined reference to `HEPclear'
mfsd.c:(.text+0x49ab): undefined reference to `HEpush'
mfsd.c:(.text+0x49c4): undefined reference to `HEpush'
mfsd.c:(.text+0x49e2): undefined reference to `HEpush'
/software/hdf4/hdf4/lib/libmfhdf.a(mfsd.o): In function `SDgetdimscale':
mfsd.c:(.text+0x4a11): undefined reference to `error_top'
mfsd.c:(.text+0x4b21): undefined reference to `Hendaccess'
mfsd.c:(.text+0x4b71): undefined reference to `HEPclear'
mfsd.c:(.text+0x4b95): undefined reference to `HEpush'
mfsd.c:(.text+0x4bae): undefined reference to `HEpush'
mfsd.c:(.text+0x4bd5): undefined reference to `HEpush'
mfsd.c:(.text+0x4c11): undefined reference to `HEpush'
mfsd.c:(.text+0x4c3d): undefined reference to `HEpush'
/software/hdf4/hdf4/lib/libmfhdf.a(mfsd.o):mfsd.c:(.text+0x4c61): more undefined references to `HEpush' follow
/software/hdf4/hdf4/lib/libmfhdf.a(mfsd.o): In function `SDsetdimscale':
mfsd.c:(.text+0x4ce5): undefined reference to `error_top'
mfsd.c:(.text+0x4dfb): undefined reference to `Hendaccess'
mfsd.c:(.text+0x4e41): undefined reference to `HEPclear'
mfsd.c:(.text+0x4e6b): undefined reference to `HEpush'
mfsd.c:(.text+0x4e88): undefined reference to `HEpush'
mfsd.c:(.text+0x4ead): undefined reference to `HEpush'
mfsd.c:(.text+0x4ecd): undefined reference to `HEpush'
mfsd.c:(.text+0x4ef5): undefined reference to `HEpush'
/software/hdf4/hdf4/lib/libmfhdf.a(mfsd.o):mfsd.c:(.text+0x4f25): more undefined references to `HEpush' follow
/software/hdf4/hdf4/lib/libmfhdf.a(mfsd.o): In function `SDsetdimstrs':
mfsd.c:(.text+0x4fa6): undefined reference to `error_top'
mfsd.c:(.text+0x5099): undefined reference to `HEPclear'
mfsd.c:(.text+0x50c4): undefined reference to `HEpush'
mfsd.c:(.text+0x50dd): undefined reference to `HEpush'
mfsd.c:(.text+0x512e): undefined reference to `HEpush'
mfsd.c:(.text+0x5182): undefined reference to `HEpush'
mfsd.c:(.text+0x51d5): undefined reference to `HEpush'
/software/hdf4/hdf4/lib/libmfhdf.a(mfsd.o):mfsd.c:(.text+0x5201): more undefined references to `HEpush' follow
/software/hdf4/hdf4/lib/libmfhdf.a(mfsd.o): In function `SDgetcal':
mfsd.c:(.text+0x524a): undefined reference to `error_top'
mfsd.c:(.text+0x53a1): undefined reference to `HEPclear'
mfsd.c:(.text+0x53cb): undefined reference to `HEpush'
mfsd.c:(.text+0x53e8): undefined reference to `HEpush'
mfsd.c:(.text+0x540d): undefined reference to `HEpush'
mfsd.c:(.text+0x5434): undefined reference to `HEpush'
/software/hdf4/hdf4/lib/libmfhdf.a(mfsd.o): In function `SDgetdatastrs':
mfsd.c:(.text+0x548a): undefined reference to `error_top'
mfsd.c:(.text+0x56d1): undefined reference to `HEPclear'
mfsd.c:(.text+0x56fb): undefined reference to `HEpush'
mfsd.c:(.text+0x5714): undefined reference to `HEpush'
mfsd.c:(.text+0x573d): undefined reference to `HEpush'
/software/hdf4/hdf4/lib/libmfhdf.a(mfsd.o): In function `SDgetfillvalue':
mfsd.c:(.text+0x57ad): undefined reference to `error_top'
mfsd.c:(.text+0x5851): undefined reference to `HEPclear'
mfsd.c:(.text+0x5875): undefined reference to `HEpush'
mfsd.c:(.text+0x5890): undefined reference to `HEpush'
mfsd.c:(.text+0x58b5): undefined reference to `HEpush'
mfsd.c:(.text+0x58e3): undefined reference to `HEpush'
/software/hdf4/hdf4/lib/libmfhdf.a(mfsd.o): In function `SDgetdatasize':
mfsd.c:(.text+0x5925): undefined reference to `error_top'
mfsd.c:(.text+0x5a41): undefined reference to `HEPclear'
mfsd.c:(.text+0x5a64): undefined reference to `HCPgetdatasize'
mfsd.c:(.text+0x5a8a): undefined reference to `HEpush'
mfsd.c:(.text+0x5ab5): undefined reference to `HEpush'
mfsd.c:(.text+0x5ace): undefined reference to `HEpush'
mfsd.c:(.text+0x5af5): undefined reference to `HEpush'
mfsd.c:(.text+0x5b24): undefined reference to `HEpush'
/software/hdf4/hdf4/lib/libmfhdf.a(mfsd.o): In function `SDgetdimstrs':
mfsd.c:(.text+0x5b55): undefined reference to `error_top'
mfsd.c:(.text+0x5c78): undefined reference to `HEpush'
mfsd.c:(.text+0x5dd9): undefined reference to `HEPclear'
mfsd.c:(.text+0x5dfd): undefined reference to `HEpush'
mfsd.c:(.text+0x5ebd): undefined reference to `HEpush'
/software/hdf4/hdf4/lib/libmfhdf.a(mfsd.o): In function `SDgetdimid':
mfsd.c:(.text+0x5eed): undefined reference to `error_top'
mfsd.c:(.text+0x5f99): undefined reference to `HEPclear'
mfsd.c:(.text+0x5fbd): undefined reference to `HEpush'
mfsd.c:(.text+0x5fe0): undefined reference to `HEpush'
mfsd.c:(.text+0x6005): undefined reference to `HEpush'
/software/hdf4/hdf4/lib/libmfhdf.a(mfsd.o): In function `SDwritechunk':
mfsd.c:(.text+0x605d): undefined reference to `error_top'
mfsd.c:(.text+0x610d): undefined reference to `HCPgetcomptype'
mfsd.c:(.text+0x614e): undefined reference to `Hinquire'
mfsd.c:(.text+0x61c1): undefined reference to `HEPclear'
mfsd.c:(.text+0x6200): undefined reference to `HEpush'
mfsd.c:(.text+0x622d): undefined reference to `HEpush'
mfsd.c:(.text+0x624e): undefined reference to `HCget_config_info'
mfsd.c:(.text+0x627b): undefined reference to `HEpush'
mfsd.c:(.text+0x629d): undefined reference to `HEpush'
mfsd.c:(.text+0x62db): undefined reference to `HDget_special_info'
mfsd.c:(.text+0x632a): undefined reference to `DFKgetPNSC'
mfsd.c:(.text+0x633d): undefined reference to `DFKisnativeNT'
mfsd.c:(.text+0x634e): undefined reference to `DFKgetPNSC'
mfsd.c:(.text+0x637d): undefined reference to `HMCwriteChunk'
mfsd.c:(.text+0x63ae): undefined reference to `DFKislitendNT'
mfsd.c:(.text+0x63f9): undefined reference to `DFKconvert'
mfsd.c:(.text+0x640f): undefined reference to `HMCwriteChunk'
mfsd.c:(.text+0x6441): undefined reference to `HEpush'
mfsd.c:(.text+0x6466): undefined reference to `HEpush'
mfsd.c:(.text+0x648f): undefined reference to `HEpush'
mfsd.c:(.text+0x64b0): undefined reference to `HEpush'
mfsd.c:(.text+0x64ce): undefined reference to `HEpush'
/software/hdf4/hdf4/lib/libmfhdf.a(mfsd.o): In function `SDsetaccesstype':
mfsd.c:(.text+0x64ed): undefined reference to `error_top'
mfsd.c:(.text+0x6514): undefined reference to `HEpush'
mfsd.c:(.text+0x65b1): undefined reference to `HEPclear'
mfsd.c:(.text+0x65d5): undefined reference to `HEpush'
mfsd.c:(.text+0x65ee): undefined reference to `HEpush'
mfsd.c:(.text+0x6615): undefined reference to `HEpush'
mfsd.c:(.text+0x662e): undefined reference to `HEpush'
mfsd.c:(.text+0x6671): undefined reference to `HEpush'
/software/hdf4/hdf4/lib/libmfhdf.a(mfsd.o): In function `SDgetcompinfo':
mfsd.c:(.text+0x6685): undefined reference to `error_top'
mfsd.c:(.text+0x6744): undefined reference to `HCPgetcompinfo'
mfsd.c:(.text+0x6761): undefined reference to `HEPclear'
mfsd.c:(.text+0x6785): undefined reference to `HEpush'
mfsd.c:(.text+0x679e): undefined reference to `HEpush'
mfsd.c:(.text+0x67c5): undefined reference to `HEpush'
mfsd.c:(.text+0x67f3): undefined reference to `HEpush'
/software/hdf4/hdf4/lib/libmfhdf.a(mfsd.o): In function `SDsetnbitdataset':
mfsd.c:(.text+0x6839): undefined reference to `error_top'
mfsd.c:(.text+0x6910): undefined reference to `HCcreate'
mfsd.c:(.text+0x6929): undefined reference to `Hendaccess'
mfsd.c:(.text+0x6970): undefined reference to `Hnewref'
mfsd.c:(.text+0x69a0): undefined reference to `HEpush'
mfsd.c:(.text+0x69b1): undefined reference to `HEPclear'
mfsd.c:(.text+0x69d5): undefined reference to `HEpush'
mfsd.c:(.text+0x69f5): undefined reference to `HEpush'
mfsd.c:(.text+0x6a15): undefined reference to `HEpush'
/software/hdf4/hdf4/lib/libmfhdf.a(mfsd.o): In function `SDgetcompress':
mfsd.c:(.text+0x6a44): undefined reference to `error_top'
mfsd.c:(.text+0x6af1): undefined reference to `HCPgetcompress'
mfsd.c:(.text+0x6b09): undefined reference to `HEPclear'
mfsd.c:(.text+0x6b2d): undefined reference to `HEpush'
mfsd.c:(.text+0x6b46): undefined reference to `HEpush'
mfsd.c:(.text+0x6b6d): undefined reference to `HEpush'
mfsd.c:(.text+0x6bb3): undefined reference to `HEpush'
/software/hdf4/hdf4/lib/libmfhdf.a(mfsd.o): In function `SDreadchunk':
mfsd.c:(.text+0x6bfc): undefined reference to `error_top'
mfsd.c:(.text+0x6ca1): undefined reference to `HCPgetcomptype'
mfsd.c:(.text+0x6ceb): undefined reference to `Hinquire'
mfsd.c:(.text+0x6d14): undefined reference to `Hendaccess'
mfsd.c:(.text+0x6d81): undefined reference to `HEPclear'
mfsd.c:(.text+0x6d9f): undefined reference to `Hstartread'
mfsd.c:(.text+0x6dc9): undefined reference to `HEpush'
mfsd.c:(.text+0x6de5): undefined reference to `HEpush'
mfsd.c:(.text+0x6e03): undefined reference to `HEpush'
mfsd.c:(.text+0x6e17): undefined reference to `Hendaccess'
mfsd.c:(.text+0x6e3e): undefined reference to `HCget_config_info'
mfsd.c:(.text+0x6e65): undefined reference to `HEpush'
mfsd.c:(.text+0x6e95): undefined reference to `HEpush'
mfsd.c:(.text+0x6ebe): undefined reference to `HDget_special_info'
mfsd.c:(.text+0x6f0a): undefined reference to `DFKgetPNSC'
mfsd.c:(.text+0x6f1d): undefined reference to `DFKisnativeNT'
mfsd.c:(.text+0x6f29): undefined reference to `DFKislitendNT'
mfsd.c:(.text+0x6f5b): undefined reference to `HMCreadChunk'
mfsd.c:(.text+0x6f81): undefined reference to `DFKgetPNSC'
mfsd.c:(.text+0x6f9e): undefined reference to `HEpush'
mfsd.c:(.text+0x6fe1): undefined reference to `HMCreadChunk'
mfsd.c:(.text+0x700d): undefined reference to `DFKconvert'
mfsd.c:(.text+0x703a): undefined reference to `HEpush'
mfsd.c:(.text+0x7062): undefined reference to `HEpush'
mfsd.c:(.text+0x7080): undefined reference to `HEpush'
mfsd.c:(.text+0x70a1): undefined reference to `HEpush'
mfsd.c:(.text+0x70bf): undefined reference to `HEpush'
/software/hdf4/hdf4/lib/libmfhdf.a(mfsd.o): In function `SDwritedata':
mfsd.c:(.text+0x70f9): undefined reference to `error_top'
mfsd.c:(.text+0x72d9): undefined reference to `HEPclear'
mfsd.c:(.text+0x72fd): undefined reference to `HEpush'
mfsd.c:(.text+0x7345): undefined reference to `HEpush'
mfsd.c:(.text+0x7360): undefined reference to `HEpush'
mfsd.c:(.text+0x7395): undefined reference to `HEpush'
mfsd.c:(.text+0x73b9): undefined reference to `HCPgetcomptype'
mfsd.c:(.text+0x73e6): undefined reference to `HCget_config_info'
mfsd.c:(.text+0x740f): undefined reference to `HEpush'
mfsd.c:(.text+0x7439): undefined reference to `HEpush'
/software/hdf4/hdf4/lib/libmfhdf.a(mfsd.o): In function `SDreaddata':
mfsd.c:(.text+0x74ac): undefined reference to `error_top'
mfsd.c:(.text+0x768d): undefined reference to `HEpush'
mfsd.c:(.text+0x76a9): undefined reference to `HEPclear'
mfsd.c:(.text+0x76cd): undefined reference to `HEpush'
mfsd.c:(.text+0x7712): undefined reference to `HEpush'
mfsd.c:(.text+0x774c): undefined reference to `HCPgetcomptype'
mfsd.c:(.text+0x7779): undefined reference to `HCget_config_info'
mfsd.c:(.text+0x77a2): undefined reference to `HEpush'
/software/hdf4/hdf4/lib/libmfhdf.a(mfsd.o): In function `SDsetcompress':
mfsd.c:(.text+0x7815): undefined reference to `error_top'
mfsd.c:(.text+0x7839): undefined reference to `HCget_config_info'
mfsd.c:(.text+0x794f): undefined reference to `HCcreate'
mfsd.c:(.text+0x7967): undefined reference to `Hendaccess'
mfsd.c:(.text+0x79a7): undefined reference to `Hnewref'
mfsd.c:(.text+0x79d0): undefined reference to `HEpush'
mfsd.c:(.text+0x79e9): undefined reference to `HEPclear'
mfsd.c:(.text+0x7a04): undefined reference to `Vattach'
mfsd.c:(.text+0x7a20): undefined reference to `Vaddtagref'
mfsd.c:(.text+0x7a31): undefined reference to `Vdetach'
mfsd.c:(.text+0x7a57): undefined reference to `HEpush'
mfsd.c:(.text+0x7a7d): undefined reference to `HEpush'
mfsd.c:(.text+0x7aa5): undefined reference to `HEpush'
mfsd.c:(.text+0x7acd): undefined reference to `HEpush'
mfsd.c:(.text+0x7b14): undefined reference to `HEpush'
/software/hdf4/hdf4/lib/libmfhdf.a(mfsd.o):mfsd.c:(.text+0x7b3a): more undefined references to `HEpush' follow
/software/hdf4/hdf4/lib/libmfhdf.a(mfsd.o): In function `SDsetchunkcache':
mfsd.c:(.text+0x7be2): undefined reference to `error_top'
mfsd.c:(.text+0x7c95): undefined reference to `Hinquire'
mfsd.c:(.text+0x7cb1): undefined reference to `HEPclear'
mfsd.c:(.text+0x7cf5): undefined reference to `HEpush'
mfsd.c:(.text+0x7d0e): undefined reference to `HEpush'
mfsd.c:(.text+0x7d35): undefined reference to `HEpush'
mfsd.c:(.text+0x7d6a): undefined reference to `HMCsetMaxcache'
/software/hdf4/hdf4/lib/libmfhdf.a(mfsd.o): In function `SDsetexternalfile':
mfsd.c:(.text+0x7dbd): undefined reference to `error_top'
mfsd.c:(.text+0x7e5c): undefined reference to `Hstartread'
mfsd.c:(.text+0x7e72): undefined reference to `HDget_special_info'
mfsd.c:(.text+0x7e91): undefined reference to `Hendaccess'
mfsd.c:(.text+0x7ef5): undefined reference to `HEpush'
mfsd.c:(.text+0x7f0e): undefined reference to `HEpush'
mfsd.c:(.text+0x7f9e): undefined reference to `Hnewref'
mfsd.c:(.text+0x7fc8): undefined reference to `HXcreate'
mfsd.c:(.text+0x7fe5): undefined reference to `Hendaccess'
mfsd.c:(.text+0x8001): undefined reference to `HEPclear'
mfsd.c:(.text+0x8008): undefined reference to `error_top'
mfsd.c:(.text+0x8016): undefined reference to `HEPclear'
mfsd.c:(.text+0x8040): undefined reference to `HEpush'
mfsd.c:(.text+0x804c): undefined reference to `Hendaccess'
mfsd.c:(.text+0x808d): undefined reference to `HEpush'
mfsd.c:(.text+0x80b5): undefined reference to `HEpush'
mfsd.c:(.text+0x80ce): undefined reference to `HEpush'
mfsd.c:(.text+0x8105): undefined reference to `HEpush'
mfsd.c:(.text+0x811e): undefined reference to `HEpush'
/software/hdf4/hdf4/lib/libmfhdf.a(mfsd.o):mfsd.c:(.text+0x8145): more undefined references to `HEpush' follow
/software/hdf4/hdf4/lib/libmfhdf.a(mfsd.o): In function `SDfindattr':
mfsd.c:(.text+0x83e2): undefined reference to `error_top'
mfsd.c:(.text+0x84a5): undefined reference to `HEPclear'
mfsd.c:(.text+0x84c7): undefined reference to `HEpush'
mfsd.c:(.text+0x84eb): undefined reference to `HEpush'
/software/hdf4/hdf4/lib/libmfhdf.a(mfsd.o): In function `SDreadattr':
mfsd.c:(.text+0x850d): undefined reference to `error_top'
mfsd.c:(.text+0x8595): undefined reference to `HEPclear'
mfsd.c:(.text+0x85b5): undefined reference to `HEpush'
mfsd.c:(.text+0x85e7): undefined reference to `HEpush'
/software/hdf4/hdf4/lib/libmfhdf.a(mfsd.o): In function `SDattrinfo':
mfsd.c:(.text+0x861d): undefined reference to `error_top'
mfsd.c:(.text+0x8705): undefined reference to `HEPclear'
mfsd.c:(.text+0x872d): undefined reference to `HEpush'
mfsd.c:(.text+0x8760): undefined reference to `HEpush'
/software/hdf4/hdf4/lib/libmfhdf.a(mfsd.o): In function `SDsetattr':
mfsd.c:(.text+0x87a4): undefined reference to `error_top'
mfsd.c:(.text+0x87e9): undefined reference to `DFKNTsize'
mfsd.c:(.text+0x8891): undefined reference to `HEPclear'
mfsd.c:(.text+0x88b5): undefined reference to `HEpush'
mfsd.c:(.text+0x88f0): undefined reference to `HEpush'
mfsd.c:(.text+0x8924): undefined reference to `HEpush'
/software/hdf4/hdf4/lib/libmfhdf.a(mfsd.o): In function `SDidtype':
mfsd.c:(.text+0x8950): undefined reference to `error_top'
mfsd.c:(.text+0x8999): undefined reference to `HEPclear'
mfsd.c:(.text+0x89b7): undefined reference to `HEpush'
mfsd.c:(.text+0x89f5): undefined reference to `HEpush'
/software/hdf4/hdf4/lib/libmfhdf.a(mfsd.o): In function `SDgetnamelen':
mfsd.c:(.text+0x8a37): undefined reference to `error_top'
mfsd.c:(.text+0x8ac1): undefined reference to `HEPclear'
mfsd.c:(.text+0x8ae5): undefined reference to `HEpush'
mfsd.c:(.text+0x8b35): undefined reference to `HEpush'
mfsd.c:(.text+0x8b6e): undefined reference to `HEpush'
/software/hdf4/hdf4/lib/libmfhdf.a(mfsd.o): In function `SDsetaccesstype':
mfsd.c:(.text+0x65aa): undefined reference to `Hsetaccesstype'
/software/hdf4/hdf4/lib/libmfhdf.a(putget.o): In function `NC_fill_buffer':
putget.c:(.text+0xa65): undefined reference to `HDmemfill'
/software/hdf4/hdf4/lib/libmfhdf.a(putget.o): In function `hdf_get_data':
putget.c:(.text+0xb03): undefined reference to `Hnewref'
putget.c:(.text+0xb3b): undefined reference to `HLcreate'
putget.c:(.text+0xb4a): undefined reference to `Hendaccess'
putget.c:(.text+0xb84): undefined reference to `Vattach'
putget.c:(.text+0xb9c): undefined reference to `Vaddtagref'
putget.c:(.text+0xba9): undefined reference to `Vdetach'
putget.c:(.text+0xbc2): undefined reference to `Vdetach'
putget.c:(.text+0xc0c): undefined reference to `Vattach'
putget.c:(.text+0xc1b): undefined reference to `Vntagrefs'
putget.c:(.text+0xc5a): undefined reference to `Vgettagref'
putget.c:(.text+0xc9c): undefined reference to `Vdetach'
putget.c:(.text+0xcb4): undefined reference to `Vdetach'
/software/hdf4/hdf4/lib/libmfhdf.a(putget.o): In function `hdf_get_vp_aid':
putget.c:(.text+0xd14): undefined reference to `Hstartaccess'
putget.c:(.text+0xd63): undefined reference to `Hstartaccess'
putget.c:(.text+0xd86): undefined reference to `Hstartread'
putget.c:(.text+0xd97): undefined reference to `Hsetlength'
/software/hdf4/hdf4/lib/libmfhdf.a(putget.o): In function `NCcoordck':
putget.c:(.text+0x1011): undefined reference to `HDmemfill'
putget.c:(.text+0x102f): undefined reference to `Hseek'
putget.c:(.text+0x1065): undefined reference to `DFKconvert'
putget.c:(.text+0x107d): undefined reference to `Hwrite'
/software/hdf4/hdf4/lib/libmfhdf.a(putget.o): In function `hdf_xdr_NCvdata':
putget.c:(.text+0x129d): undefined reference to `Hinquire'
putget.c:(.text+0x12f2): undefined reference to `HDmemfill'
putget.c:(.text+0x1363): undefined reference to `DFKgetPNSC'
putget.c:(.text+0x1377): undefined reference to `DFKisnativeNT'
putget.c:(.text+0x1387): undefined reference to `DFKislitendNT'
putget.c:(.text+0x13d6): undefined reference to `Hseek'
putget.c:(.text+0x14eb): undefined reference to `DFKconvert'
putget.c:(.text+0x1505): undefined reference to `Hwrite'
putget.c:(.text+0x1706): undefined reference to `HDmemfill'
putget.c:(.text+0x1763): undefined reference to `Hwrite'
putget.c:(.text+0x18d0): undefined reference to `HDmemfill'
putget.c:(.text+0x18f5): undefined reference to `DFKconvert'
putget.c:(.text+0x1911): undefined reference to `Hwrite'
putget.c:(.text+0x1a18): undefined reference to `Hread'
putget.c:(.text+0x1a45): undefined reference to `DFKconvert'
putget.c:(.text+0x1adb): undefined reference to `HDmemfill'
putget.c:(.text+0x1b03): undefined reference to `Hwrite'
putget.c:(.text+0x1b46): undefined reference to `DFKgetPNSC'
putget.c:(.text+0x1b82): undefined reference to `DFKconvert'
putget.c:(.text+0x1c0e): undefined reference to `Hwrite'
putget.c:(.text+0x1c4e): undefined reference to `HDmemfill'
putget.c:(.text+0x1c61): undefined reference to `Hwrite'
putget.c:(.text+0x1caf): undefined reference to `Hread'
putget.c:(.text+0x1d19): undefined reference to `Hwrite'
putget.c:(.text+0x1d9d): undefined reference to `DFKconvert'
putget.c:(.text+0x1e14): undefined reference to `DFKconvert'
putget.c:(.text+0x1e30): undefined reference to `Hwrite'
/software/hdf4/hdf4/lib/libmfhdf.a(putget.o): In function `NCrecio':
putget.c:(.text+0x20bc): undefined reference to `DFKsetNT'
putget.c:(.text+0x2125): undefined reference to `DFKsetNT'
/software/hdf4/hdf4/lib/libmfhdf.a(putget.o): In function `hdf_xdr_NCv1data':
putget.c:(.text+0x2530): undefined reference to `DFKsetNT'
/software/hdf4/hdf4/lib/libmfhdf.a(putget.o): In function `NCvario':
putget.c:(.text+0x2a60): undefined reference to `DFKsetNT'
putget.c:(.text+0x2ab3): undefined reference to `DFKsetNT'
/software/hdf4/hdf4/lib/libmfhdf.a(putget.o):putget.c:(.text+0x2ddd): more undefined references to `DFKsetNT' follow
/software/hdf4/hdf4/lib/libmfhdf.a(var.o): In function `xdr_NC_var':
var.c:(.text+0x8d0): undefined reference to `DFKNTsize'
/software/hdf4/hdf4/lib/libmfhdf.a(var.o): In function `NC_new_var':
var.c:(.text+0xa64): undefined reference to `DFKNTsize'
/software/hdf4/hdf4/lib/libmfhdf.a(var.o): In function `ncvardef':
var.c:(.text+0xcb8): undefined reference to `Hnewref'
/software/hdf4/hdf4/lib/libmfhdf.a(cdf.o): In function `hdf_close':
cdf.c:(.text+0x401): undefined reference to `Hendaccess'
cdf.c:(.text+0x422): undefined reference to `Vattach'
cdf.c:(.text+0x43e): undefined reference to `Visvg'
cdf.c:(.text+0x44c): undefined reference to `Vgetnext'
cdf.c:(.text+0x45b): undefined reference to `Vdetach'
cdf.c:(.text+0x479): undefined reference to `Vattach'
cdf.c:(.text+0x48b): undefined reference to `Vgetclass'
cdf.c:(.text+0x4b7): undefined reference to `Visvs'
cdf.c:(.text+0x4c6): undefined reference to `Vgetnext'
cdf.c:(.text+0x4d6): undefined reference to `Vdetach'
cdf.c:(.text+0x512): undefined reference to `VSattach'
cdf.c:(.text+0x528): undefined reference to `VSgetclass'
cdf.c:(.text+0x56e): undefined reference to `VSsetfields'
cdf.c:(.text+0x581): undefined reference to `VSseek'
cdf.c:(.text+0x5a1): undefined reference to `VSwrite'
cdf.c:(.text+0x5b2): undefined reference to `VSdetach'
/software/hdf4/hdf4/lib/libmfhdf.a(cdf.o): In function `hdf_num_attrs':
cdf.c:(.text+0x60f): undefined reference to `Vntagrefs'
cdf.c:(.text+0x668): undefined reference to `Vgettagref'
cdf.c:(.text+0x6ad): undefined reference to `VSattach'
cdf.c:(.text+0x6c2): undefined reference to `VSgetclass'
cdf.c:(.text+0x6f5): undefined reference to `VSdetach'
/software/hdf4/hdf4/lib/libmfhdf.a(cdf.o): In function `hdf_vg_clobber':
cdf.c:(.text+0x741): undefined reference to `Vattach'
cdf.c:(.text+0x77b): undefined reference to `Vntagrefs'
cdf.c:(.text+0x7c5): undefined reference to `Hdeldd'
cdf.c:(.text+0x7e9): undefined reference to `Vgettagref'
cdf.c:(.text+0x810): undefined reference to `vexistvs'
cdf.c:(.text+0x826): undefined reference to `VSdelete'
cdf.c:(.text+0x846): undefined reference to `vexistvg'
cdf.c:(.text+0x873): undefined reference to `Vdetach'
/software/hdf4/hdf4/lib/libmfhdf.a(cdf.o): In function `hdf_cdf_clobber':
cdf.c:(.text+0x8fb): undefined reference to `Vattach'
cdf.c:(.text+0x909): undefined reference to `Vntagrefs'
cdf.c:(.text+0x947): undefined reference to `Hdeldd'
cdf.c:(.text+0x969): undefined reference to `Vgettagref'
cdf.c:(.text+0x98e): undefined reference to `vexistvg'
cdf.c:(.text+0x9b7): undefined reference to `Vdelete'
cdf.c:(.text+0x9d0): undefined reference to `VSdelete'
cdf.c:(.text+0x9e5): undefined reference to `Vdetach'
cdf.c:(.text+0x9ff): undefined reference to `Vdelete'
/software/hdf4/hdf4/lib/libmfhdf.a(cdf.o): In function `hdf_read_attrs':
cdf.c:(.text+0xaae): undefined reference to `Vntagrefs'
cdf.c:(.text+0xb78): undefined reference to `Vgettagref'
cdf.c:(.text+0xbd8): undefined reference to `VSattach'
cdf.c:(.text+0xbf4): undefined reference to `VSgetclass'
cdf.c:(.text+0xc3c): undefined reference to `VSinquire'
cdf.c:(.text+0xc50): undefined reference to `VFfieldtype'
cdf.c:(.text+0xcc0): undefined reference to `VSsetfields'
cdf.c:(.text+0xce3): undefined reference to `VSread'
cdf.c:(.text+0xd4a): undefined reference to `VSdetach'
cdf.c:(.text+0xd81): undefined reference to `VFfieldorder'
/software/hdf4/hdf4/lib/libmfhdf.a(cdf.o): In function `hdf_read_vars':
cdf.c:(.text+0xe38): undefined reference to `Vntagrefs'
cdf.c:(.text+0xecc): undefined reference to `Vntagrefs'
cdf.c:(.text+0xef4): undefined reference to `Vntagrefs'
cdf.c:(.text+0xf64): undefined reference to `Vgettagref'
cdf.c:(.text+0xf92): undefined reference to `Vattach'
cdf.c:(.text+0xfb0): undefined reference to `Vgetclass'
cdf.c:(.text+0xfea): undefined reference to `Vinquire'
cdf.c:(.text+0x1087): undefined reference to `Hlength'
cdf.c:(.text+0x10e4): undefined reference to `Vgettagref'
cdf.c:(.text+0x114a): undefined reference to `Vattach'
cdf.c:(.text+0x1166): undefined reference to `Vgetclass'
cdf.c:(.text+0x11bd): undefined reference to `Vinquire'
cdf.c:(.text+0x11ef): undefined reference to `Vdetach'
cdf.c:(.text+0x124d): undefined reference to `Hgetelement'
cdf.c:(.text+0x12d2): undefined reference to `VSattach'
cdf.c:(.text+0x12ee): undefined reference to `VSgetclass'
cdf.c:(.text+0x133c): undefined reference to `VSdetach'
cdf.c:(.text+0x1453): undefined reference to `Vdetach'
cdf.c:(.text+0x1473): undefined reference to `DFKgetPNSC'
/software/hdf4/hdf4/lib/libmfhdf.a(cdf.o): In function `hdf_read_dims':
cdf.c:(.text+0x15f3): undefined reference to `Vntagrefs'
cdf.c:(.text+0x1645): undefined reference to `Vgetnext'
cdf.c:(.text+0x1659): undefined reference to `Visvg'
cdf.c:(.text+0x1670): undefined reference to `Vattach'
cdf.c:(.text+0x1687): undefined reference to `Vgetclass'
cdf.c:(.text+0x16cb): undefined reference to `Vinquire'
cdf.c:(.text+0x16f7): undefined reference to `Visvs'
cdf.c:(.text+0x170a): undefined reference to `Vgetnext'
cdf.c:(.text+0x171a): undefined reference to `Vdetach'
cdf.c:(.text+0x17b8): undefined reference to `VSattach'
cdf.c:(.text+0x17d4): undefined reference to `VSgetclass'
cdf.c:(.text+0x183e): undefined reference to `VSseek'
cdf.c:(.text+0x185f): undefined reference to `VSread'
cdf.c:(.text+0x18b4): undefined reference to `VSdetach'
cdf.c:(.text+0x1a32): undefined reference to `VSinquire'
/software/hdf4/hdf4/lib/libmfhdf.a(cdf.o): In function `hdf_read_xdr_cdf':
cdf.c:(.text+0x1a7d): undefined reference to `Vfindclass'
cdf.c:(.text+0x1a9a): undefined reference to `Vattach'
cdf.c:(.text+0x1ac1): undefined reference to `Vdetach'
cdf.c:(.text+0x1afd): undefined reference to `HEpush'
cdf.c:(.text+0x1b45): undefined reference to `Vdetach'
/software/hdf4/hdf4/lib/libmfhdf.a(cdf.o): In function `hdf_conv_scales':
cdf.c:(.text+0x1bee): undefined reference to `Hlength'
cdf.c:(.text+0x1c69): undefined reference to `Hgetelement'
cdf.c:(.text+0x1c9f): undefined reference to `Hputelement'
/software/hdf4/hdf4/lib/libmfhdf.a(cdf.o): In function `hdf_write_attr':
cdf.c:(.text+0x1d27): undefined reference to `VHstoredatam'
/software/hdf4/hdf4/lib/libmfhdf.a(cdf.o): In function `hdf_create_compat_dim_vdata':
cdf.c:(.text+0x1dcd): undefined reference to `VHstoredata'
cdf.c:(.text+0x1efb): undefined reference to `HEpush'
/software/hdf4/hdf4/lib/libmfhdf.a(cdf.o): In function `hdf_create_dim_vdata':
cdf.c:(.text+0x1f54): undefined reference to `VHstoredata'
/software/hdf4/hdf4/lib/libmfhdf.a(cdf.o): In function `hdf_get_magicnum':
cdf.c:(.text+0x211d): undefined reference to `HEpush'
cdf.c:(.text+0x2145): undefined reference to `HEpush'
cdf.c:(.text+0x2165): undefined reference to `HEpush'
cdf.c:(.text+0x2188): undefined reference to `HEpush'
/software/hdf4/hdf4/lib/libmfhdf.a(cdf.o): In function `NC_free_cdf':
cdf.c:(.text+0x2288): undefined reference to `Vfinish'
cdf.c:(.text+0x2298): undefined reference to `Hclose'
/software/hdf4/hdf4/lib/libmfhdf.a(cdf.o): In function `hdf_write_var':
cdf.c:(.text+0x23c5): undefined reference to `VHstoredatam'
cdf.c:(.text+0x2449): undefined reference to `Hnewref'
cdf.c:(.text+0x249d): undefined reference to `Hputelement'
cdf.c:(.text+0x24c2): undefined reference to `DFdisetup'
cdf.c:(.text+0x24ee): undefined reference to `DFdiput'
cdf.c:(.text+0x2506): undefined reference to `DFdiput'
cdf.c:(.text+0x25cf): undefined reference to `Hputelement'
cdf.c:(.text+0x25e7): undefined reference to `DFdiput'
cdf.c:(.text+0x2612): undefined reference to `DFdiput'
cdf.c:(.text+0x263b): undefined reference to `DFdiwrite'
cdf.c:(.text+0x268c): undefined reference to `VHmakegroup'
cdf.c:(.text+0x26f3): undefined reference to `VSattach'
cdf.c:(.text+0x270d): undefined reference to `VSsetclass'
cdf.c:(.text+0x272a): undefined reference to `VSfdefine'
cdf.c:(.text+0x273d): undefined reference to `VSsetfields'
cdf.c:(.text+0x274d): undefined reference to `VSQueryref'
cdf.c:(.text+0x2756): undefined reference to `VSdetach'
cdf.c:(.text+0x2796): undefined reference to `DFKgetPNSC'
/software/hdf4/hdf4/lib/libmfhdf.a(cdf.o): In function `hdf_write_dim':
cdf.c:(.text+0x2883): undefined reference to `VHstoredata'
cdf.c:(.text+0x290d): undefined reference to `VHmakegroup'
/software/hdf4/hdf4/lib/libmfhdf.a(cdf.o): In function `hdf_write_xdr_cdf':
cdf.c:(.text+0x2cbd): undefined reference to `VHstoredatam'
cdf.c:(.text+0x2d16): undefined reference to `VHmakegroup'
/software/hdf4/hdf4/lib/libmfhdf.a(cdf.o): In function `hdf_xdr_cdf':
cdf.c:(.text+0x3003): undefined reference to `HEpush'
/software/hdf4/hdf4/lib/libmfhdf.a(cdf.o): In function `NC_new_cdf':
cdf.c:(.text+0x35ba): undefined reference to `Hopen'
cdf.c:(.text+0x35d9): undefined reference to `Vinitialize'
cdf.c:(.text+0x366a): undefined reference to `HEpush'
cdf.c:(.text+0x367c): undefined reference to `Hishdf'
cdf.c:(.text+0x36fc): undefined reference to `Hishdf'
/software/hdf4/hdf4/lib/libmfhdf.a(file.o): In function `NC_open':
file.c:(.text+0x6a8): undefined reference to `HPisfile_in_use'
/software/hdf4/hdf4/lib/libmfhdf.a(hdfsds.o): In function `hdf_get_pred_str_attr':
hdfsds.c:(.text+0x6d): undefined reference to `Hlength'
hdfsds.c:(.text+0x9c): undefined reference to `Hgetelement'
hdfsds.c:(.text+0xed): undefined reference to `HEpush'
hdfsds.c:(.text+0x10d): undefined reference to `HEpush'
hdfsds.c:(.text+0x12d): undefined reference to `HEpush'
/software/hdf4/hdf4/lib/libmfhdf.a(hdfsds.o): In function `hdf_read_NT':
hdfsds.c:(.text+0x181): undefined reference to `Hread'
hdfsds.c:(.text+0x1b4): undefined reference to `Hgetelement'
hdfsds.c:(.text+0x202): undefined reference to `HEpush'
hdfsds.c:(.text+0x22a): undefined reference to `HEpush'
hdfsds.c:(.text+0x24a): undefined reference to `HEpush'
/software/hdf4/hdf4/lib/libmfhdf.a(hdfsds.o): In function `hdf_luf_to_attrs':
hdfsds.c:(.text+0x395): undefined reference to `HEpush'
/software/hdf4/hdf4/lib/libmfhdf.a(hdfsds.o): In function `hdf_get_cal':
hdfsds.c:(.text+0x484): undefined reference to `DFKconvert'
hdfsds.c:(.text+0x58e): undefined reference to `DFKconvert'
hdfsds.c:(.text+0x5e8): undefined reference to `HEpush'
hdfsds.c:(.text+0x649): undefined reference to `HEpush'
hdfsds.c:(.text+0x66d): undefined reference to `HEpush'
/software/hdf4/hdf4/lib/libmfhdf.a(hdfsds.o): In function `hdf_read_ndgs':
hdfsds.c:(.text+0x7c8): undefined reference to `Hstartread'
hdfsds.c:(.text+0x816): undefined reference to `Hinquire'
hdfsds.c:(.text+0x84c): undefined reference to `DFdiread'
hdfsds.c:(.text+0x8d9): undefined reference to `DFdiget'
hdfsds.c:(.text+0x93c): undefined reference to `Hgetelement'
hdfsds.c:(.text+0x961): undefined reference to `Hlength'
hdfsds.c:(.text+0x9b3): undefined reference to `HEpush'
hdfsds.c:(.text+0x9ec): undefined reference to `Hgetelement'
hdfsds.c:(.text+0xa89): undefined reference to `HEpush'
hdfsds.c:(.text+0xaa2): undefined reference to `HEpush'
hdfsds.c:(.text+0xad8): undefined reference to `Hlength'
hdfsds.c:(.text+0xb1e): undefined reference to `Hgetelement'
hdfsds.c:(.text+0xbb4): undefined reference to `Hgetelement'
hdfsds.c:(.text+0xc0d): undefined reference to `DFKconvert'
hdfsds.c:(.text+0xc6f): undefined reference to `DFKNTsize'
hdfsds.c:(.text+0xd05): undefined reference to `Hstartread'
hdfsds.c:(.text+0xd39): undefined reference to `Hread'
hdfsds.c:(.text+0xdff): undefined reference to `Hread'
hdfsds.c:(.text+0xf89): undefined reference to `Hendaccess'
hdfsds.c:(.text+0xfab): undefined reference to `HEpush'
hdfsds.c:(.text+0x105c): undefined reference to `Hnextread'
hdfsds.c:(.text+0x1070): undefined reference to `Hendaccess'
hdfsds.c:(.text+0x108e): undefined reference to `HEpush'
hdfsds.c:(.text+0x114a): undefined reference to `HEpush'
hdfsds.c:(.text+0x1160): undefined reference to `HEpush'
hdfsds.c:(.text+0x11e5): undefined reference to `HEpush'
hdfsds.c:(.text+0x11fe): undefined reference to `HEpush'
/software/hdf4/hdf4/lib/libmfhdf.a(hdfsds.o):hdfsds.c:(.text+0x122a): more undefined references to `HEpush' follow
/software/hdf4/hdf4/lib/libmfhdf.a(hdfsds.o): In function `hdf_read_ndgs':
hdfsds.c:(.text+0x12b2): undefined reference to `DFKgetPNSC'
hdfsds.c:(.text+0x12e7): undefined reference to `HEpush'
hdfsds.c:(.text+0x1307): undefined reference to `HEpush'
hdfsds.c:(.text+0x1355): undefined reference to `HEpush'
hdfsds.c:(.text+0x137a): undefined reference to `HEpush'
hdfsds.c:(.text+0x13a2): undefined reference to `HEpush'
/software/hdf4/hdf4/lib/libmfhdf.a(hdfsds.o):hdfsds.c:(.text+0x13c0): more undefined references to `HEpush' follow
/software/hdf4/hdf4/lib/libmfhdf.a(hdfsds.o): In function `hdf_read_ndgs':
hdfsds.c:(.text+0x1666): undefined reference to `Hnewref'
hdfsds.c:(.text+0x18ce): undefined reference to `HEpush'
hdfsds.c:(.text+0x196b): undefined reference to `DFKNTsize'
hdfsds.c:(.text+0x19b6): undefined reference to `HEpush'
hdfsds.c:(.text+0x19f8): undefined reference to `HEpush'
hdfsds.c:(.text+0x1a64): undefined reference to `HEpush'
hdfsds.c:(.text+0x1a8a): undefined reference to `HEpush'
hdfsds.c:(.text+0x1ab2): undefined reference to `HEpush'
/software/hdf4/hdf4/lib/libmfhdf.a(hdfsds.o):hdfsds.c:(.text+0x1ada): more undefined references to `HEpush' follow
/software/hdf4/hdf4/lib/libmfhdf.a(hdfsds.o): In function `hdf_read_ndgs':
hdfsds.c:(.text+0x1c6d): undefined reference to `ANstart'
hdfsds.c:(.text+0x1c93): undefined reference to `ANnumann'
hdfsds.c:(.text+0x1ca7): undefined reference to `ANend'
hdfsds.c:(.text+0x1ce8): undefined reference to `ANstart'
hdfsds.c:(.text+0x1d0c): undefined reference to `ANnumann'
hdfsds.c:(.text+0x1d20): undefined reference to `ANend'
hdfsds.c:(.text+0x1e4c): undefined reference to `Hnextread'
hdfsds.c:(.text+0x1e66): undefined reference to `DFKgetPNSC'
hdfsds.c:(.text+0x1e8b): undefined reference to `HEpush'
hdfsds.c:(.text+0x1ee2): undefined reference to `HEpush'
hdfsds.c:(.text+0x1f00): undefined reference to `HEpush'
hdfsds.c:(.text+0x1f1e): undefined reference to `HEpush'
hdfsds.c:(.text+0x1f3c): undefined reference to `HEpush'
/software/hdf4/hdf4/lib/libmfhdf.a(hdfsds.o):hdfsds.c:(.text+0x1f55): more undefined references to `HEpush' follow
/software/hdf4/hdf4/lib/libmfhdf.a(hdfsds.o): In function `hdf_read_ndgs':
hdfsds.c:(.text+0x21f3): undefined reference to `ANannlist'
hdfsds.c:(.text+0x2215): undefined reference to `HEpush'
hdfsds.c:(.text+0x2248): undefined reference to `ANannlist'
hdfsds.c:(.text+0x22b8): undefined reference to `HEpush'
hdfsds.c:(.text+0x22d6): undefined reference to `HEpush'
hdfsds.c:(.text+0x22f4): undefined reference to `HEpush'
hdfsds.c:(.text+0x2383): undefined reference to `ANreadann'
hdfsds.c:(.text+0x23f2): undefined reference to `ANendaccess'
hdfsds.c:(.text+0x240e): undefined reference to `ANannlen'
hdfsds.c:(.text+0x2430): undefined reference to `HEpush'
hdfsds.c:(.text+0x244e): undefined reference to `HEpush'
hdfsds.c:(.text+0x246c): undefined reference to `HEpush'
hdfsds.c:(.text+0x24f0): undefined reference to `ANreadann'
hdfsds.c:(.text+0x2568): undefined reference to `ANendaccess'
hdfsds.c:(.text+0x2583): undefined reference to `ANannlen'
hdfsds.c:(.text+0x25af): undefined reference to `HEpush'
hdfsds.c:(.text+0x25cd): undefined reference to `HEpush'
hdfsds.c:(.text+0x25e8): undefined reference to `HEpush'
hdfsds.c:(.text+0x261b): undefined reference to `HEpush'
hdfsds.c:(.text+0x2648): undefined reference to `HEpush'
/software/hdf4/hdf4/lib/libmfhdf.a(hdfsds.o):hdfsds.c:(.text+0x2680): more undefined references to `HEpush' follow
/software/hdf4/hdf4/lib/libmfhdf.a(nssdc.o): In function `nssdc_read_cdf':
nssdc.c:(.text+0x15ff): undefined reference to `DFKconvert'
nssdc.c:(.text+0x1902): undefined reference to `DFKconvert'
make[2]: *** [climate/climate] Error 1
make[1]: *** [climate/CMakeFiles/climate.dir/all] Error 2
make: *** [all] Error 2
